[2025-11-06 16:21:39] 🟢 Geotag service started successfully (piexif version).
[2025-11-06 16:21:39] 🔍 Scanning D:\DCIM\102MEDIA for new images...
[2025-11-06 16:21:39] 🚨 Fatal loop error: Traceback (most recent call last):
  File "C:\Users\Recap\OneDrive\Documents\Banana_Project\Geotag_images\Auto_geotag.pyw", line 61, in <module>
    for filename in os.listdir(IMAGE_FOLDER):
FileNotFoundError: [WinError 3] The system cannot find the path specified: 'D:\\DCIM\\102MEDIA'

[2025-11-06 16:22:09] 🔍 Scanning D:\DCIM\102MEDIA for new images...
[2025-11-06 16:22:09] 🚨 Fatal loop error: Traceback (most recent call last):
  File "C:\Users\Recap\OneDrive\Documents\Banana_Project\Geotag_images\Auto_geotag.pyw", line 61, in <module>
    for filename in os.listdir(IMAGE_FOLDER):
FileNotFoundError: [WinError 3] The system cannot find the path specified: 'D:\\DCIM\\102MEDIA'

[2025-11-06 16:22:39] 🔍 Scanning D:\DCIM\102MEDIA for new images...
[2025-11-06 16:22:39] 🚨 Fatal loop error: Traceback (most recent call last):
  File "C:\Users\Recap\OneDrive\Documents\Banana_Project\Geotag_images\Auto_geotag.pyw", line 61, in <module>
    for filename in os.listdir(IMAGE_FOLDER):
FileNotFoundError: [WinError 3] The system cannot find the path specified: 'D:\\DCIM\\102MEDIA'

[2025-11-06 16:23:09] 🔍 Scanning D:\DCIM\102MEDIA for new images...
[2025-11-06 16:23:09] 🚨 Fatal loop error: Traceback (most recent call last):
  File "C:\Users\Recap\OneDrive\Documents\Banana_Project\Geotag_images\Auto_geotag.pyw", line 61, in <module>
    for filename in os.listdir(IMAGE_FOLDER):
FileNotFoundError: [WinError 3] The system cannot find the path specified: 'D:\\DCIM\\102MEDIA'

[2025-11-06 16:23:39] 🔍 Scanning D:\DCIM\102MEDIA for new images...
[2025-11-06 16:23:39] 🚨 Fatal loop error: Traceback (most recent call last):
  File "C:\Users\Recap\OneDrive\Documents\Banana_Project\Geotag_images\Auto_geotag.pyw", line 61, in <module>
    for filename in os.listdir(IMAGE_FOLDER):
FileNotFoundError: [WinError 3] The system cannot find the path specified: 'D:\\DCIM\\102MEDIA'

[2025-11-06 16:24:09] 🔍 Scanning D:\DCIM\102MEDIA for new images...
[2025-11-06 16:24:09] 🚨 Fatal loop error: Traceback (most recent call last):
  File "C:\Users\Recap\OneDrive\Documents\Banana_Project\Geotag_images\Auto_geotag.pyw", line 61, in <module>
    for filename in os.listdir(IMAGE_FOLDER):
FileNotFoundError: [WinError 3] The system cannot find the path specified: 'D:\\DCIM\\102MEDIA'

[2025-11-06 16:24:39] 🔍 Scanning D:\DCIM\102MEDIA for new images...
[2025-11-06 16:24:39] 🚨 Fatal loop error: Traceback (most recent call last):
  File "C:\Users\Recap\OneDrive\Documents\Banana_Project\Geotag_images\Auto_geotag.pyw", line 61, in <module>
    for filename in os.listdir(IMAGE_FOLDER):
FileNotFoundError: [WinError 3] The system cannot find the path specified: 'D:\\DCIM\\102MEDIA'

[2025-11-06 16:56:16] 🟢 Geotag service started successfully
[2025-11-06 16:56:16] ⏳ Waiting for drive/folder to appear: D:\DCIM\102MEDIA
[2025-11-06 16:59:47] 🟢 Geotag service started successfully
[2025-11-06 16:59:47] ⏳ Waiting for drive/folder to appear: D:\DCIM\102MEDIA
